<?xml version="1.0" encoding="UTF-8"?>
<!-- Generated by org.testng.reporters.JUnitReportReporter -->
<testsuite hostname="Mr" name="com.ztesoft.backupOracle.AppTest" tests="1" failures="0" timestamp="25 Jul 2017 02:07:19 GMT" time="0.002" errors="0">
  <testcase name="testApp" time="0.002" classname="com.ztesoft.backupOracle.AppTest"/>
</testsuite> <!-- com.ztesoft.backupOracle.AppTest -->
